[DEBUG] 2025/02/20 14:16:40 utils.go:331: key not found: deviceId
[DEBUG] 2025/02/20 14:16:40 handlers.go:60: Login error! key not found: ssoToken
[DEBUG] 2025/02/20 14:16:52 television.go:201: Request failed with status code: 450
[DEBUG] 2025/02/20 14:17:30 handlers.go:60: Login error! key not found: ssoToken
[DEBUG] 2025/02/20 14:17:34 television.go:201: Request failed with status code: 450
[DEBUG] 2025/02/20 15:15:37 handlers.go:60: Login error! key not found: ssoToken
[DEBUG] 2025/02/20 15:15:53 television.go:201: Request failed with status code: 450
[DEBUG] 2025/02/20 15:16:05 handlers.go:60: Login error! key not found: ssoToken
[DEBUG] 2025/02/20 15:16:14 television.go:201: Request failed with status code: 450
[20:46:14] 301 -       1.774µs GET /favicon.ico Params:[] -
[20:46:14] 200 -      11.201µs GET /static/favicon.ico Params:[] -
[DEBUG] 2025/02/20 15:16:25 handlers.go:60: Login error! key not found: ssoToken
[DEBUG] 2025/02/20 15:16:41 television.go:201: Request failed with status code: 450
[20:46:41] 301 -       1.983µs GET /favicon.ico Params:[] -
[20:46:41] 200 -      11.041µs GET /static/favicon.ico Params:[] -
[DEBUG] 2025/02/20 15:48:35 handlers.go:60: Login error! key not found: ssoToken
[DEBUG] 2025/02/20 15:48:52 television.go:201: Request failed with status code: 450
[DEBUG] 2025/02/20 16:15:18 handlers.go:60: Login error! key not found: ssoToken
[DEBUG] 2025/02/20 16:46:14 handlers.go:60: Login error! key not found: ssoToken
[DEBUG] 2025/02/20 16:47:23 handlers.go:60: Login error! key not found: ssoToken
[DEBUG] 2025/02/20 16:47:31 handlers.go:60: Login error! key not found: ssoToken
[DEBUG] 2025/02/20 16:55:20 handlers.go:60: Login error! key not found: ssoToken
[DEBUG] 2025/02/20 17:04:11 handlers.go:60: Login error! key not found: ssoToken
[DEBUG] 2025/02/20 17:05:36 handlers.go:60: Login error! key not found: ssoToken
[DEBUG] 2025/02/20 17:07:20 handlers.go:60: Login error! key not found: ssoToken
[DEBUG] 2025/02/20 17:08:45 handlers.go:60: Login error! key not found: ssoToken
[DEBUG] 2025/02/20 17:09:53 handlers.go:60: Login error! key not found: ssoToken
[DEBUG] 2025/02/20 17:10:16 handlers.go:60: Login error! key not found: ssoToken
[DEBUG] 2025/02/20 17:10:41 handlers.go:60: Login error! key not found: ssoToken
[DEBUG] 2025/02/20 17:11:20 handlers.go:60: Login error! key not found: ssoToken
[DEBUG] 2025/02/20 17:12:29 handlers.go:60: Login error! key not found: ssoToken
[DEBUG] 2025/02/20 17:13:21 handlers.go:60: Login error! key not found: ssoToken
[DEBUG] 2025/02/20 17:14:32 handlers.go:60: Login error! key not found: ssoToken
[DEBUG] 2025/02/20 17:15:12 handlers.go:60: Login error! key not found: ssoToken
[DEBUG] 2025/02/20 17:15:32 handlers.go:60: Login error! key not found: ssoToken
[DEBUG] 2025/02/20 17:17:55 handlers.go:60: Login error! key not found: ssoToken
[DEBUG] 2025/02/20 17:18:11 television.go:201: Request failed with status code: 450
[22:48:11] 200 -       10.76µs GET /static/favicon.ico Params:[] -
[DEBUG] 2025/02/20 17:19:01 handlers.go:60: Login error! key not found: ssoToken
[DEBUG] 2025/02/20 17:19:26 handlers.go:60: Login error! key not found: ssoToken
[DEBUG] 2025/02/20 17:19:55 handlers.go:60: Login error! key not found: ssoToken
[DEBUG] 2025/02/20 17:21:38 handlers.go:60: Login error! key not found: ssoToken
[DEBUG] 2025/02/20 17:21:53 handlers.go:60: Login error! key not found: ssoToken
[DEBUG] 2025/02/20 17:26:19 handlers.go:60: Login error! key not found: ssoToken
[DEBUG] 2025/02/20 17:26:56 handlers.go:60: Login error! key not found: ssoToken
[DEBUG] 2025/02/20 17:27:18 handlers.go:60: Login error! key not found: ssoToken
[DEBUG] 2025/02/20 17:27:52 handlers.go:60: Login error! key not found: ssoToken
[DEBUG] 2025/02/20 17:28:27 handlers.go:60: Login error! key not found: ssoToken
[DEBUG] 2025/02/20 17:33:03 handlers.go:60: Login error! key not found: ssoToken
[DEBUG] 2025/02/21 05:45:23 handlers.go:60: Login error! key not found: ssoToken
[DEBUG] 2025/02/21 05:55:33 handlers.go:60: Login error! key not found: ssoToken
[DEBUG] 2025/02/21 06:01:14 handlers.go:60: Login error! key not found: ssoToken
[DEBUG] 2025/02/21 06:01:38 handlers.go:60: Login error! key not found: ssoToken
[DEBUG] 2025/02/21 06:05:30 handlers.go:60: Login error! key not found: ssoToken
[DEBUG] 2025/02/21 06:11:27 handlers.go:60: Login error! key not found: ssoToken
[DEBUG] 2025/02/21 06:12:23 handlers.go:60: Login error! key not found: ssoToken
[DEBUG] 2025/02/21 06:12:34 handlers.go:60: Login error! key not found: ssoToken
[DEBUG] 2025/02/21 06:13:53 handlers.go:60: Login error! key not found: ssoToken
[DEBUG] 2025/02/21 06:14:14 handlers.go:60: Login error! key not found: ssoToken
[DEBUG] 2025/02/21 06:15:17 handlers.go:60: Login error! key not found: ssoToken
[DEBUG] 2025/02/21 06:42:39 handlers.go:60: Login error! key not found: ssoToken
[DEBUG] 2025/02/21 06:42:45 television.go:201: Request failed with status code: 450
[12:12:45] 200 -       9.888µs GET /static/favicon.ico Params:[] -
[DEBUG] 2025/02/21 06:42:54 television.go:201: Request failed with status code: 450
[DEBUG] 2025/02/21 06:43:24 handlers.go:60: Login error! key not found: ssoToken
[DEBUG] 2025/02/21 06:43:50 handlers.go:60: Login error! key not found: ssoToken
[DEBUG] 2025/02/21 06:45:43 handlers.go:60: Login error! key not found: ssoToken
[DEBUG] 2025/02/21 06:49:31 handlers.go:60: Login error! key not found: ssoToken
[DEBUG] 2025/02/21 06:51:41 handlers.go:60: Login error! key not found: ssoToken
[DEBUG] 2025/02/21 06:51:50 handlers.go:60: Login error! key not found: ssoToken
[DEBUG] 2025/02/21 06:52:02 handlers.go:60: Login error! key not found: ssoToken
[DEBUG] 2025/02/21 06:52:43 handlers.go:60: Login error! key not found: ssoToken
[DEBUG] 2025/02/21 06:56:06 handlers.go:60: Login error! key not found: ssoToken
[DEBUG] 2025/02/21 06:57:30 handlers.go:60: Login error! key not found: ssoToken
[DEBUG] 2025/02/21 07:20:52 handlers.go:60: Login error! key not found: ssoToken
[DEBUG] 2025/02/21 07:21:05 handlers.go:60: Login error! key not found: ssoToken
[DEBUG] 2025/02/21 07:21:11 handlers.go:60: Login error! key not found: ssoToken
[DEBUG] 2025/02/21 07:27:23 handlers.go:60: Login error! key not found: ssoToken
[DEBUG] 2025/02/21 07:51:37 handlers.go:60: Login error! key not found: ssoToken
[DEBUG] 2025/02/21 07:52:42 handlers.go:60: Login error! key not found: ssoToken
[DEBUG] 2025/02/21 07:53:12 handlers.go:60: Login error! key not found: ssoToken
[DEBUG] 2025/02/21 07:53:32 handlers.go:60: Login error! key not found: ssoToken
[DEBUG] 2025/02/21 07:53:54 handlers.go:60: Login error! key not found: ssoToken
[DEBUG] 2025/02/21 07:54:07 handlers.go:60: Login error! key not found: ssoToken
[DEBUG] 2025/02/21 07:54:47 handlers.go:60: Login error! key not found: ssoToken
[DEBUG] 2025/02/21 08:00:32 television.go:201: Request failed with status code: 450
[DEBUG] 2025/02/21 08:00:38 television.go:201: Request failed with status code: 450
[DEBUG] 2025/02/21 08:01:48 television.go:201: Request failed with status code: 450
[DEBUG] 2025/02/21 08:04:31 handlers.go:60: Login error! key not found: ssoToken
[DEBUG] 2025/02/21 08:07:21 television.go:201: Request failed with status code: 450
